<?xml version="1.0" encoding="UTF-8"?>
<testsuite name="com.leonardo.rocha.api.MarsRoverRestApiTest" tests="1" skipped="0" failures="0" errors="0" timestamp="2021-05-02T01:09:54" hostname="leonardo-VirtualBox" time="1.587">
  <properties/>
  <testcase name="getRoverList" classname="com.leonardo.rocha.api.MarsRoverRestApiTest" time="1.587"/>
  <system-out><![CDATA[20:09:52.405 [Test worker] DEBUG org.springframework.test.context.junit4.SpringJUnit4ClassRunner - SpringJUnit4ClassRunner constructor called with [class com.leonardo.rocha.api.MarsRoverRestApiTest]
20:09:52.418 [Test worker] DEBUG org.springframework.test.context.BootstrapUtils - Instantiating CacheAwareContextLoaderDelegate from class [org.springframework.test.context.cache.DefaultCacheAwareContextLoaderDelegate]
20:09:52.435 [Test worker] DEBUG org.springframework.test.context.BootstrapUtils - Instantiating BootstrapContext using constructor [public org.springframework.test.context.support.DefaultBootstrapContext(java.lang.Class,org.springframework.test.context.CacheAwareContextLoaderDelegate)]
20:09:52.502 [Test worker] DEBUG org.springframework.test.context.BootstrapUtils - Instantiating TestContextBootstrapper for test class [com.leonardo.rocha.api.MarsRoverRestApiTest] from class [org.springframework.test.context.support.DefaultTestContextBootstrapper]
20:09:52.547 [Test worker] DEBUG org.springframework.test.context.support.AbstractDelegatingSmartContextLoader - Delegating to AnnotationConfigContextLoader to process context configuration [ContextConfigurationAttributes@7f2829fc declaringClass = 'com.leonardo.rocha.api.MarsRoverRestApiTest', classes = '{class com.leonardo.rocha.configuration.MarsImageAppConfiguration}', locations = '{}', inheritLocations = true, initializers = '{}', inheritInitializers = true, name = [null], contextLoaderClass = 'org.springframework.test.context.ContextLoader'].
20:09:52.645 [Test worker] DEBUG org.springframework.test.context.support.ActiveProfilesUtils - Could not find an 'annotation declaring class' for annotation type [org.springframework.test.context.ActiveProfiles] and class [com.leonardo.rocha.api.MarsRoverRestApiTest]
20:09:52.649 [Test worker] DEBUG org.springframework.test.context.support.DefaultTestContextBootstrapper - @TestExecutionListeners is not present for class [com.leonardo.rocha.api.MarsRoverRestApiTest]: using defaults.
20:09:52.650 [Test worker] INFO org.springframework.test.context.support.DefaultTestContextBootstrapper - Loaded default TestExecutionListener class names from location [META-INF/spring.factories]: [org.springframework.boot.test.autoconfigure.restdocs.RestDocsTestExecutionListener, org.springframework.boot.test.autoconfigure.web.client.MockRestServiceServerResetTestExecutionListener, org.springframework.boot.test.autoconfigure.web.servlet.MockMvcPrintOnlyOnFailureTestExecutionListener, org.springframework.boot.test.autoconfigure.web.servlet.WebDriverTestExecutionListener, org.springframework.boot.test.mock.mockito.MockitoTestExecutionListener, org.springframework.boot.test.mock.mockito.ResetMocksTestExecutionListener, org.springframework.test.context.web.ServletTestExecutionListener, org.springframework.test.context.support.DirtiesContextBeforeModesTestExecutionListener, org.springframework.test.context.support.DependencyInjectionTestExecutionListener, org.springframework.test.context.support.DirtiesContextTestExecutionListener, org.springframework.test.context.transaction.TransactionalTestExecutionListener, org.springframework.test.context.jdbc.SqlScriptsTestExecutionListener, org.springframework.test.context.event.EventPublishingTestExecutionListener]
20:09:52.671 [Test worker] DEBUG org.springframework.test.context.support.DefaultTestContextBootstrapper - Skipping candidate TestExecutionListener [org.springframework.test.context.transaction.TransactionalTestExecutionListener] due to a missing dependency. Specify custom listener classes or make the default listener classes and their required dependencies available. Offending class: [org/springframework/transaction/TransactionDefinition]
20:09:52.673 [Test worker] DEBUG org.springframework.test.context.support.DefaultTestContextBootstrapper - Skipping candidate TestExecutionListener [org.springframework.test.context.jdbc.SqlScriptsTestExecutionListener] due to a missing dependency. Specify custom listener classes or make the default listener classes and their required dependencies available. Offending class: [org/springframework/transaction/interceptor/TransactionAttribute]
20:09:52.676 [Test worker] INFO org.springframework.test.context.support.DefaultTestContextBootstrapper - Using TestExecutionListeners: [org.springframework.test.context.web.ServletTestExecutionListener@537c030a, org.springframework.test.context.support.DirtiesContextBeforeModesTestExecutionListener@56d21b91, org.springframework.boot.test.mock.mockito.MockitoTestExecutionListener@385deb07, org.springframework.test.context.support.DependencyInjectionTestExecutionListener@372503c7, org.springframework.test.context.support.DirtiesContextTestExecutionListener@4f2327a, org.springframework.test.context.event.EventPublishingTestExecutionListener@42babfe6, org.springframework.boot.test.autoconfigure.restdocs.RestDocsTestExecutionListener@15e87165, org.springframework.boot.test.autoconfigure.web.client.MockRestServiceServerResetTestExecutionListener@acc6324, org.springframework.boot.test.autoconfigure.web.servlet.MockMvcPrintOnlyOnFailureTestExecutionListener@1fb8f1e5, org.springframework.boot.test.autoconfigure.web.servlet.WebDriverTestExecutionListener@8ea287b, org.springframework.boot.test.mock.mockito.ResetMocksTestExecutionListener@5e5f035a]
20:09:52.684 [Test worker] DEBUG org.springframework.test.annotation.ProfileValueUtils - Retrieved @ProfileValueSourceConfiguration [null] for test class [com.leonardo.rocha.api.MarsRoverRestApiTest]
20:09:52.687 [Test worker] DEBUG org.springframework.test.annotation.ProfileValueUtils - Retrieved ProfileValueSource type [class org.springframework.test.annotation.SystemProfileValueSource] for class [com.leonardo.rocha.api.MarsRoverRestApiTest]
20:09:52.688 [Test worker] DEBUG org.springframework.test.annotation.ProfileValueUtils - Retrieved @ProfileValueSourceConfiguration [null] for test class [com.leonardo.rocha.api.MarsRoverRestApiTest]
20:09:52.689 [Test worker] DEBUG org.springframework.test.annotation.ProfileValueUtils - Retrieved ProfileValueSource type [class org.springframework.test.annotation.SystemProfileValueSource] for class [com.leonardo.rocha.api.MarsRoverRestApiTest]
20:09:52.693 [Test worker] DEBUG org.springframework.test.context.support.AbstractDirtiesContextTestExecutionListener - Before test class: context [DefaultTestContext@5cb234f testClass = MarsRoverRestApiTest, testInstance = [null], testMethod = [null], testException = [null], mergedContextConfiguration = [MergedContextConfiguration@8b2bd6b testClass = MarsRoverRestApiTest, locations = '{}', classes = '{class com.leonardo.rocha.configuration.MarsImageAppConfiguration}', contextInitializerClasses = '[]', activeProfiles = '{}', propertySourceLocations = '{}', propertySourceProperties = '{}', contextCustomizers = set[org.springframework.boot.test.autoconfigure.properties.PropertyMappingContextCustomizer@0, org.springframework.boot.test.autoconfigure.web.servlet.WebDriverContextCustomizerFactory$Customizer@32ec3188, org.springframework.boot.test.context.filter.ExcludeFilterContextCustomizer@45c1d83c, org.springframework.boot.test.json.DuplicateJsonObjectContextCustomizerFactory$DuplicateJsonObjectContextCustomizer@5140403b, org.springframework.boot.test.mock.mockito.MockitoContextCustomizer@0], contextLoader = 'org.springframework.test.context.support.DelegatingSmartContextLoader', parent = [null]], attributes = map[[empty]]], class annotated with @DirtiesContext [false] with mode [null].
20:09:52.700 [Test worker] DEBUG org.springframework.test.annotation.ProfileValueUtils - Retrieved @ProfileValueSourceConfiguration [null] for test class [com.leonardo.rocha.api.MarsRoverRestApiTest]
20:09:52.700 [Test worker] DEBUG org.springframework.test.annotation.ProfileValueUtils - Retrieved ProfileValueSource type [class org.springframework.test.annotation.SystemProfileValueSource] for class [com.leonardo.rocha.api.MarsRoverRestApiTest]
20:09:52.709 [Test worker] DEBUG org.springframework.test.context.support.DependencyInjectionTestExecutionListener - Performing dependency injection for test context [[DefaultTestContext@5cb234f testClass = MarsRoverRestApiTest, testInstance = com.leonardo.rocha.api.MarsRoverRestApiTest@71a1e1f9, testMethod = [null], testException = [null], mergedContextConfiguration = [MergedContextConfiguration@8b2bd6b testClass = MarsRoverRestApiTest, locations = '{}', classes = '{class com.leonardo.rocha.configuration.MarsImageAppConfiguration}', contextInitializerClasses = '[]', activeProfiles = '{}', propertySourceLocations = '{}', propertySourceProperties = '{}', contextCustomizers = set[org.springframework.boot.test.autoconfigure.properties.PropertyMappingContextCustomizer@0, org.springframework.boot.test.autoconfigure.web.servlet.WebDriverContextCustomizerFactory$Customizer@32ec3188, org.springframework.boot.test.context.filter.ExcludeFilterContextCustomizer@45c1d83c, org.springframework.boot.test.json.DuplicateJsonObjectContextCustomizerFactory$DuplicateJsonObjectContextCustomizer@5140403b, org.springframework.boot.test.mock.mockito.MockitoContextCustomizer@0], contextLoader = 'org.springframework.test.context.support.DelegatingSmartContextLoader', parent = [null]], attributes = map[[empty]]]].
20:09:52.710 [Test worker] DEBUG org.springframework.test.context.support.AbstractDelegatingSmartContextLoader - Delegating to AnnotationConfigContextLoader to load context from [MergedContextConfiguration@8b2bd6b testClass = MarsRoverRestApiTest, locations = '{}', classes = '{class com.leonardo.rocha.configuration.MarsImageAppConfiguration}', contextInitializerClasses = '[]', activeProfiles = '{}', propertySourceLocations = '{}', propertySourceProperties = '{}', contextCustomizers = set[org.springframework.boot.test.autoconfigure.properties.PropertyMappingContextCustomizer@0, org.springframework.boot.test.autoconfigure.web.servlet.WebDriverContextCustomizerFactory$Customizer@32ec3188, org.springframework.boot.test.context.filter.ExcludeFilterContextCustomizer@45c1d83c, org.springframework.boot.test.json.DuplicateJsonObjectContextCustomizerFactory$DuplicateJsonObjectContextCustomizer@5140403b, org.springframework.boot.test.mock.mockito.MockitoContextCustomizer@0], contextLoader = 'org.springframework.test.context.support.DelegatingSmartContextLoader', parent = [null]].
20:09:52.713 [Test worker] DEBUG org.springframework.test.context.support.AbstractGenericContextLoader - Loading ApplicationContext for merged context configuration [[MergedContextConfiguration@8b2bd6b testClass = MarsRoverRestApiTest, locations = '{}', classes = '{class com.leonardo.rocha.configuration.MarsImageAppConfiguration}', contextInitializerClasses = '[]', activeProfiles = '{}', propertySourceLocations = '{}', propertySourceProperties = '{}', contextCustomizers = set[org.springframework.boot.test.autoconfigure.properties.PropertyMappingContextCustomizer@0, org.springframework.boot.test.autoconfigure.web.servlet.WebDriverContextCustomizerFactory$Customizer@32ec3188, org.springframework.boot.test.context.filter.ExcludeFilterContextCustomizer@45c1d83c, org.springframework.boot.test.json.DuplicateJsonObjectContextCustomizerFactory$DuplicateJsonObjectContextCustomizer@5140403b, org.springframework.boot.test.mock.mockito.MockitoContextCustomizer@0], contextLoader = 'org.springframework.test.context.support.DelegatingSmartContextLoader', parent = [null]]].
20:09:52.788 [Test worker] DEBUG org.springframework.core.env.StandardEnvironment - Activating profiles []
20:09:52.792 [Test worker] DEBUG org.springframework.test.context.support.AnnotationConfigContextLoader - Registering component classes: {class com.leonardo.rocha.configuration.MarsImageAppConfiguration}
20:09:52.852 [Test worker] DEBUG org.springframework.context.support.GenericApplicationContext - Refreshing org.springframework.context.support.GenericApplicationContext@43acd944
20:09:52.881 [Test worker] DEBUG org.springframework.beans.factory.support.DefaultListableBeanFactory - Creating shared instance of singleton bean 'org.springframework.context.annotation.internalConfigurationAnnotationProcessor'
20:09:53.131 [Test worker] DEBUG org.springframework.beans.factory.support.DefaultListableBeanFactory - Creating shared instance of singleton bean 'org.springframework.boot.test.mock.mockito.MockitoPostProcessor'
20:09:53.165 [Test worker] DEBUG org.springframework.beans.factory.support.DefaultListableBeanFactory - Creating shared instance of singleton bean 'org.springframework.context.event.internalEventListenerProcessor'
20:09:53.167 [Test worker] DEBUG org.springframework.beans.factory.support.DefaultListableBeanFactory - Creating shared instance of singleton bean 'org.springframework.context.event.internalEventListenerFactory'
20:09:53.168 [Test worker] DEBUG org.springframework.beans.factory.support.DefaultListableBeanFactory - Creating shared instance of singleton bean 'org.springframework.context.annotation.internalAutowiredAnnotationProcessor'
20:09:53.173 [Test worker] DEBUG org.springframework.beans.factory.support.DefaultListableBeanFactory - Creating shared instance of singleton bean 'org.springframework.context.annotation.internalCommonAnnotationProcessor'
20:09:53.183 [Test worker] DEBUG org.springframework.beans.factory.support.DefaultListableBeanFactory - Creating shared instance of singleton bean 'org.springframework.boot.test.mock.mockito.MockitoPostProcessor$SpyPostProcessor'
20:09:53.208 [Test worker] DEBUG org.springframework.beans.factory.support.DefaultListableBeanFactory - Creating shared instance of singleton bean 'marsImageAppConfiguration'
20:09:53.276 [Test worker] DEBUG org.springframework.beans.factory.support.DefaultListableBeanFactory - Creating shared instance of singleton bean 'apiKey'
20:09:53.327 [Test worker] DEBUG org.springframework.beans.factory.support.DefaultListableBeanFactory - Creating shared instance of singleton bean 'datesFileName'
20:09:53.328 [Test worker] DEBUG org.springframework.beans.factory.support.DefaultListableBeanFactory - Creating shared instance of singleton bean 'baseUrl'
20:09:53.328 [Test worker] DEBUG org.springframework.beans.factory.support.DefaultListableBeanFactory - Creating shared instance of singleton bean 'photoDir'
20:09:53.333 [Test worker] DEBUG org.springframework.beans.factory.support.DefaultListableBeanFactory - Creating shared instance of singleton bean 'getRetrofit'
20:09:53.598 [Test worker] DEBUG org.springframework.beans.factory.support.DefaultListableBeanFactory - Creating shared instance of singleton bean 'getOkHttpClient'
20:09:53.997 [Test worker] DEBUG org.springframework.beans.factory.support.DefaultListableBeanFactory - Creating shared instance of singleton bean 'getMarsRoverRestApi'
20:09:54.016 [Test worker] DEBUG org.springframework.beans.factory.support.DefaultListableBeanFactory - Creating shared instance of singleton bean 'getUrlImageDownloader'
20:09:54.123 [Test worker] DEBUG org.springframework.test.context.cache.DefaultCacheAwareContextLoaderDelegate - Storing ApplicationContext [1135401284] in cache under key [[MergedContextConfiguration@8b2bd6b testClass = MarsRoverRestApiTest, locations = '{}', classes = '{class com.leonardo.rocha.configuration.MarsImageAppConfiguration}', contextInitializerClasses = '[]', activeProfiles = '{}', propertySourceLocations = '{}', propertySourceProperties = '{}', contextCustomizers = set[org.springframework.boot.test.autoconfigure.properties.PropertyMappingContextCustomizer@0, org.springframework.boot.test.autoconfigure.web.servlet.WebDriverContextCustomizerFactory$Customizer@32ec3188, org.springframework.boot.test.context.filter.ExcludeFilterContextCustomizer@45c1d83c, org.springframework.boot.test.json.DuplicateJsonObjectContextCustomizerFactory$DuplicateJsonObjectContextCustomizer@5140403b, org.springframework.boot.test.mock.mockito.MockitoContextCustomizer@0], contextLoader = 'org.springframework.test.context.support.DelegatingSmartContextLoader', parent = [null]]]
20:09:54.128 [Test worker] DEBUG org.springframework.test.context.cache - Spring test ApplicationContext cache statistics: [DefaultContextCache@27f95b04 size = 1, maxSize = 32, parentContextCount = 0, hitCount = 0, missCount = 1]
20:09:54.141 [Test worker] DEBUG org.springframework.test.context.cache.DefaultCacheAwareContextLoaderDelegate - Retrieved ApplicationContext [1135401284] from cache with key [[MergedContextConfiguration@8b2bd6b testClass = MarsRoverRestApiTest, locations = '{}', classes = '{class com.leonardo.rocha.configuration.MarsImageAppConfiguration}', contextInitializerClasses = '[]', activeProfiles = '{}', propertySourceLocations = '{}', propertySourceProperties = '{}', contextCustomizers = set[org.springframework.boot.test.autoconfigure.properties.PropertyMappingContextCustomizer@0, org.springframework.boot.test.autoconfigure.web.servlet.WebDriverContextCustomizerFactory$Customizer@32ec3188, org.springframework.boot.test.context.filter.ExcludeFilterContextCustomizer@45c1d83c, org.springframework.boot.test.json.DuplicateJsonObjectContextCustomizerFactory$DuplicateJsonObjectContextCustomizer@5140403b, org.springframework.boot.test.mock.mockito.MockitoContextCustomizer@0], contextLoader = 'org.springframework.test.context.support.DelegatingSmartContextLoader', parent = [null]]]
20:09:54.142 [Test worker] DEBUG org.springframework.test.context.cache - Spring test ApplicationContext cache statistics: [DefaultContextCache@27f95b04 size = 1, maxSize = 32, parentContextCount = 0, hitCount = 1, missCount = 1]
20:09:54.150 [Test worker] DEBUG org.springframework.test.context.support.AbstractDirtiesContextTestExecutionListener - Before test method: context [DefaultTestContext@5cb234f testClass = MarsRoverRestApiTest, testInstance = com.leonardo.rocha.api.MarsRoverRestApiTest@71a1e1f9, testMethod = getRoverList@MarsRoverRestApiTest, testException = [null], mergedContextConfiguration = [MergedContextConfiguration@8b2bd6b testClass = MarsRoverRestApiTest, locations = '{}', classes = '{class com.leonardo.rocha.configuration.MarsImageAppConfiguration}', contextInitializerClasses = '[]', activeProfiles = '{}', propertySourceLocations = '{}', propertySourceProperties = '{}', contextCustomizers = set[org.springframework.boot.test.autoconfigure.properties.PropertyMappingContextCustomizer@0, org.springframework.boot.test.autoconfigure.web.servlet.WebDriverContextCustomizerFactory$Customizer@32ec3188, org.springframework.boot.test.context.filter.ExcludeFilterContextCustomizer@45c1d83c, org.springframework.boot.test.json.DuplicateJsonObjectContextCustomizerFactory$DuplicateJsonObjectContextCustomizer@5140403b, org.springframework.boot.test.mock.mockito.MockitoContextCustomizer@0], contextLoader = 'org.springframework.test.context.support.DelegatingSmartContextLoader', parent = [null]], attributes = map[[empty]]], class annotated with @DirtiesContext [false] with mode [null], method annotated with @DirtiesContext [false] with mode [null].
20:09:54.150 [Test worker] DEBUG org.springframework.test.context.cache.DefaultCacheAwareContextLoaderDelegate - Retrieved ApplicationContext [1135401284] from cache with key [[MergedContextConfiguration@8b2bd6b testClass = MarsRoverRestApiTest, locations = '{}', classes = '{class com.leonardo.rocha.configuration.MarsImageAppConfiguration}', contextInitializerClasses = '[]', activeProfiles = '{}', propertySourceLocations = '{}', propertySourceProperties = '{}', contextCustomizers = set[org.springframework.boot.test.autoconfigure.properties.PropertyMappingContextCustomizer@0, org.springframework.boot.test.autoconfigure.web.servlet.WebDriverContextCustomizerFactory$Customizer@32ec3188, org.springframework.boot.test.context.filter.ExcludeFilterContextCustomizer@45c1d83c, org.springframework.boot.test.json.DuplicateJsonObjectContextCustomizerFactory$DuplicateJsonObjectContextCustomizer@5140403b, org.springframework.boot.test.mock.mockito.MockitoContextCustomizer@0], contextLoader = 'org.springframework.test.context.support.DelegatingSmartContextLoader', parent = [null]]]
20:09:54.151 [Test worker] DEBUG org.springframework.test.context.cache - Spring test ApplicationContext cache statistics: [DefaultContextCache@27f95b04 size = 1, maxSize = 32, parentContextCount = 0, hitCount = 2, missCount = 1]
20:09:54.151 [Test worker] DEBUG org.springframework.test.context.cache.DefaultCacheAwareContextLoaderDelegate - Retrieved ApplicationContext [1135401284] from cache with key [[MergedContextConfiguration@8b2bd6b testClass = MarsRoverRestApiTest, locations = '{}', classes = '{class com.leonardo.rocha.configuration.MarsImageAppConfiguration}', contextInitializerClasses = '[]', activeProfiles = '{}', propertySourceLocations = '{}', propertySourceProperties = '{}', contextCustomizers = set[org.springframework.boot.test.autoconfigure.properties.PropertyMappingContextCustomizer@0, org.springframework.boot.test.autoconfigure.web.servlet.WebDriverContextCustomizerFactory$Customizer@32ec3188, org.springframework.boot.test.context.filter.ExcludeFilterContextCustomizer@45c1d83c, org.springframework.boot.test.json.DuplicateJsonObjectContextCustomizerFactory$DuplicateJsonObjectContextCustomizer@5140403b, org.springframework.boot.test.mock.mockito.MockitoContextCustomizer@0], contextLoader = 'org.springframework.test.context.support.DelegatingSmartContextLoader', parent = [null]]]
20:09:54.151 [Test worker] DEBUG org.springframework.test.context.cache - Spring test ApplicationContext cache statistics: [DefaultContextCache@27f95b04 size = 1, maxSize = 32, parentContextCount = 0, hitCount = 3, missCount = 1]
20:09:54.260 [Test worker] DEBUG org.springframework.test.context.cache.DefaultCacheAwareContextLoaderDelegate - Retrieved ApplicationContext [1135401284] from cache with key [[MergedContextConfiguration@8b2bd6b testClass = MarsRoverRestApiTest, locations = '{}', classes = '{class com.leonardo.rocha.configuration.MarsImageAppConfiguration}', contextInitializerClasses = '[]', activeProfiles = '{}', propertySourceLocations = '{}', propertySourceProperties = '{}', contextCustomizers = set[org.springframework.boot.test.autoconfigure.properties.PropertyMappingContextCustomizer@0, org.springframework.boot.test.autoconfigure.web.servlet.WebDriverContextCustomizerFactory$Customizer@32ec3188, org.springframework.boot.test.context.filter.ExcludeFilterContextCustomizer@45c1d83c, org.springframework.boot.test.json.DuplicateJsonObjectContextCustomizerFactory$DuplicateJsonObjectContextCustomizer@5140403b, org.springframework.boot.test.mock.mockito.MockitoContextCustomizer@0], contextLoader = 'org.springframework.test.context.support.DelegatingSmartContextLoader', parent = [null]]]
20:09:54.261 [Test worker] DEBUG org.springframework.test.context.cache - Spring test ApplicationContext cache statistics: [DefaultContextCache@27f95b04 size = 1, maxSize = 32, parentContextCount = 0, hitCount = 4, missCount = 1]
RoverList{rovers=[Rover{id=5, name=Curiosity}, Rover{id=7, name=Spirit}, Rover{id=6, name=Opportunity}, Rover{id=8, name=Perseverance}]}
20:09:55.709 [Test worker] DEBUG org.springframework.test.context.cache.DefaultCacheAwareContextLoaderDelegate - Retrieved ApplicationContext [1135401284] from cache with key [[MergedContextConfiguration@8b2bd6b testClass = MarsRoverRestApiTest, locations = '{}', classes = '{class com.leonardo.rocha.configuration.MarsImageAppConfiguration}', contextInitializerClasses = '[]', activeProfiles = '{}', propertySourceLocations = '{}', propertySourceProperties = '{}', contextCustomizers = set[org.springframework.boot.test.autoconfigure.properties.PropertyMappingContextCustomizer@0, org.springframework.boot.test.autoconfigure.web.servlet.WebDriverContextCustomizerFactory$Customizer@32ec3188, org.springframework.boot.test.context.filter.ExcludeFilterContextCustomizer@45c1d83c, org.springframework.boot.test.json.DuplicateJsonObjectContextCustomizerFactory$DuplicateJsonObjectContextCustomizer@5140403b, org.springframework.boot.test.mock.mockito.MockitoContextCustomizer@0], contextLoader = 'org.springframework.test.context.support.DelegatingSmartContextLoader', parent = [null]]]
20:09:55.709 [Test worker] DEBUG org.springframework.test.context.cache - Spring test ApplicationContext cache statistics: [DefaultContextCache@27f95b04 size = 1, maxSize = 32, parentContextCount = 0, hitCount = 5, missCount = 1]
20:09:55.712 [Test worker] DEBUG org.springframework.test.context.cache.DefaultCacheAwareContextLoaderDelegate - Retrieved ApplicationContext [1135401284] from cache with key [[MergedContextConfiguration@8b2bd6b testClass = MarsRoverRestApiTest, locations = '{}', classes = '{class com.leonardo.rocha.configuration.MarsImageAppConfiguration}', contextInitializerClasses = '[]', activeProfiles = '{}', propertySourceLocations = '{}', propertySourceProperties = '{}', contextCustomizers = set[org.springframework.boot.test.autoconfigure.properties.PropertyMappingContextCustomizer@0, org.springframework.boot.test.autoconfigure.web.servlet.WebDriverContextCustomizerFactory$Customizer@32ec3188, org.springframework.boot.test.context.filter.ExcludeFilterContextCustomizer@45c1d83c, org.springframework.boot.test.json.DuplicateJsonObjectContextCustomizerFactory$DuplicateJsonObjectContextCustomizer@5140403b, org.springframework.boot.test.mock.mockito.MockitoContextCustomizer@0], contextLoader = 'org.springframework.test.context.support.DelegatingSmartContextLoader', parent = [null]]]
20:09:55.713 [Test worker] DEBUG org.springframework.test.context.cache - Spring test ApplicationContext cache statistics: [DefaultContextCache@27f95b04 size = 1, maxSize = 32, parentContextCount = 0, hitCount = 6, missCount = 1]
20:09:55.714 [Test worker] DEBUG org.springframework.test.context.cache.DefaultCacheAwareContextLoaderDelegate - Retrieved ApplicationContext [1135401284] from cache with key [[MergedContextConfiguration@8b2bd6b testClass = MarsRoverRestApiTest, locations = '{}', classes = '{class com.leonardo.rocha.configuration.MarsImageAppConfiguration}', contextInitializerClasses = '[]', activeProfiles = '{}', propertySourceLocations = '{}', propertySourceProperties = '{}', contextCustomizers = set[org.springframework.boot.test.autoconfigure.properties.PropertyMappingContextCustomizer@0, org.springframework.boot.test.autoconfigure.web.servlet.WebDriverContextCustomizerFactory$Customizer@32ec3188, org.springframework.boot.test.context.filter.ExcludeFilterContextCustomizer@45c1d83c, org.springframework.boot.test.json.DuplicateJsonObjectContextCustomizerFactory$DuplicateJsonObjectContextCustomizer@5140403b, org.springframework.boot.test.mock.mockito.MockitoContextCustomizer@0], contextLoader = 'org.springframework.test.context.support.DelegatingSmartContextLoader', parent = [null]]]
20:09:55.715 [Test worker] DEBUG org.springframework.test.context.cache - Spring test ApplicationContext cache statistics: [DefaultContextCache@27f95b04 size = 1, maxSize = 32, parentContextCount = 0, hitCount = 7, missCount = 1]
20:09:55.716 [Test worker] DEBUG org.springframework.test.context.cache.DefaultCacheAwareContextLoaderDelegate - Retrieved ApplicationContext [1135401284] from cache with key [[MergedContextConfiguration@8b2bd6b testClass = MarsRoverRestApiTest, locations = '{}', classes = '{class com.leonardo.rocha.configuration.MarsImageAppConfiguration}', contextInitializerClasses = '[]', activeProfiles = '{}', propertySourceLocations = '{}', propertySourceProperties = '{}', contextCustomizers = set[org.springframework.boot.test.autoconfigure.properties.PropertyMappingContextCustomizer@0, org.springframework.boot.test.autoconfigure.web.servlet.WebDriverContextCustomizerFactory$Customizer@32ec3188, org.springframework.boot.test.context.filter.ExcludeFilterContextCustomizer@45c1d83c, org.springframework.boot.test.json.DuplicateJsonObjectContextCustomizerFactory$DuplicateJsonObjectContextCustomizer@5140403b, org.springframework.boot.test.mock.mockito.MockitoContextCustomizer@0], contextLoader = 'org.springframework.test.context.support.DelegatingSmartContextLoader', parent = [null]]]
20:09:55.717 [Test worker] DEBUG org.springframework.test.context.cache - Spring test ApplicationContext cache statistics: [DefaultContextCache@27f95b04 size = 1, maxSize = 32, parentContextCount = 0, hitCount = 8, missCount = 1]
20:09:55.719 [Test worker] DEBUG org.springframework.test.context.cache.DefaultCacheAwareContextLoaderDelegate - Retrieved ApplicationContext [1135401284] from cache with key [[MergedContextConfiguration@8b2bd6b testClass = MarsRoverRestApiTest, locations = '{}', classes = '{class com.leonardo.rocha.configuration.MarsImageAppConfiguration}', contextInitializerClasses = '[]', activeProfiles = '{}', propertySourceLocations = '{}', propertySourceProperties = '{}', contextCustomizers = set[org.springframework.boot.test.autoconfigure.properties.PropertyMappingContextCustomizer@0, org.springframework.boot.test.autoconfigure.web.servlet.WebDriverContextCustomizerFactory$Customizer@32ec3188, org.springframework.boot.test.context.filter.ExcludeFilterContextCustomizer@45c1d83c, org.springframework.boot.test.json.DuplicateJsonObjectContextCustomizerFactory$DuplicateJsonObjectContextCustomizer@5140403b, org.springframework.boot.test.mock.mockito.MockitoContextCustomizer@0], contextLoader = 'org.springframework.test.context.support.DelegatingSmartContextLoader', parent = [null]]]
20:09:55.721 [Test worker] DEBUG org.springframework.test.context.cache - Spring test ApplicationContext cache statistics: [DefaultContextCache@27f95b04 size = 1, maxSize = 32, parentContextCount = 0, hitCount = 9, missCount = 1]
20:09:55.723 [Test worker] DEBUG org.springframework.test.context.cache.DefaultCacheAwareContextLoaderDelegate - Retrieved ApplicationContext [1135401284] from cache with key [[MergedContextConfiguration@8b2bd6b testClass = MarsRoverRestApiTest, locations = '{}', classes = '{class com.leonardo.rocha.configuration.MarsImageAppConfiguration}', contextInitializerClasses = '[]', activeProfiles = '{}', propertySourceLocations = '{}', propertySourceProperties = '{}', contextCustomizers = set[org.springframework.boot.test.autoconfigure.properties.PropertyMappingContextCustomizer@0, org.springframework.boot.test.autoconfigure.web.servlet.WebDriverContextCustomizerFactory$Customizer@32ec3188, org.springframework.boot.test.context.filter.ExcludeFilterContextCustomizer@45c1d83c, org.springframework.boot.test.json.DuplicateJsonObjectContextCustomizerFactory$DuplicateJsonObjectContextCustomizer@5140403b, org.springframework.boot.test.mock.mockito.MockitoContextCustomizer@0], contextLoader = 'org.springframework.test.context.support.DelegatingSmartContextLoader', parent = [null]]]
20:09:55.725 [Test worker] DEBUG org.springframework.test.context.cache - Spring test ApplicationContext cache statistics: [DefaultContextCache@27f95b04 size = 1, maxSize = 32, parentContextCount = 0, hitCount = 10, missCount = 1]
20:09:55.725 [Test worker] DEBUG org.springframework.test.context.support.AbstractDirtiesContextTestExecutionListener - After test method: context [DefaultTestContext@5cb234f testClass = MarsRoverRestApiTest, testInstance = com.leonardo.rocha.api.MarsRoverRestApiTest@71a1e1f9, testMethod = getRoverList@MarsRoverRestApiTest, testException = [null], mergedContextConfiguration = [MergedContextConfiguration@8b2bd6b testClass = MarsRoverRestApiTest, locations = '{}', classes = '{class com.leonardo.rocha.configuration.MarsImageAppConfiguration}', contextInitializerClasses = '[]', activeProfiles = '{}', propertySourceLocations = '{}', propertySourceProperties = '{}', contextCustomizers = set[org.springframework.boot.test.autoconfigure.properties.PropertyMappingContextCustomizer@0, org.springframework.boot.test.autoconfigure.web.servlet.WebDriverContextCustomizerFactory$Customizer@32ec3188, org.springframework.boot.test.context.filter.ExcludeFilterContextCustomizer@45c1d83c, org.springframework.boot.test.json.DuplicateJsonObjectContextCustomizerFactory$DuplicateJsonObjectContextCustomizer@5140403b, org.springframework.boot.test.mock.mockito.MockitoContextCustomizer@0], contextLoader = 'org.springframework.test.context.support.DelegatingSmartContextLoader', parent = [null]], attributes = map[[empty]]], class annotated with @DirtiesContext [false] with mode [null], method annotated with @DirtiesContext [false] with mode [null].
20:09:55.731 [Test worker] DEBUG org.springframework.test.context.cache.DefaultCacheAwareContextLoaderDelegate - Retrieved ApplicationContext [1135401284] from cache with key [[MergedContextConfiguration@8b2bd6b testClass = MarsRoverRestApiTest, locations = '{}', classes = '{class com.leonardo.rocha.configuration.MarsImageAppConfiguration}', contextInitializerClasses = '[]', activeProfiles = '{}', propertySourceLocations = '{}', propertySourceProperties = '{}', contextCustomizers = set[org.springframework.boot.test.autoconfigure.properties.PropertyMappingContextCustomizer@0, org.springframework.boot.test.autoconfigure.web.servlet.WebDriverContextCustomizerFactory$Customizer@32ec3188, org.springframework.boot.test.context.filter.ExcludeFilterContextCustomizer@45c1d83c, org.springframework.boot.test.json.DuplicateJsonObjectContextCustomizerFactory$DuplicateJsonObjectContextCustomizer@5140403b, org.springframework.boot.test.mock.mockito.MockitoContextCustomizer@0], contextLoader = 'org.springframework.test.context.support.DelegatingSmartContextLoader', parent = [null]]]
20:09:55.731 [Test worker] DEBUG org.springframework.test.context.cache - Spring test ApplicationContext cache statistics: [DefaultContextCache@27f95b04 size = 1, maxSize = 32, parentContextCount = 0, hitCount = 11, missCount = 1]
20:09:55.732 [Test worker] DEBUG org.springframework.test.context.support.AbstractDirtiesContextTestExecutionListener - After test class: context [DefaultTestContext@5cb234f testClass = MarsRoverRestApiTest, testInstance = [null], testMethod = [null], testException = [null], mergedContextConfiguration = [MergedContextConfiguration@8b2bd6b testClass = MarsRoverRestApiTest, locations = '{}', classes = '{class com.leonardo.rocha.configuration.MarsImageAppConfiguration}', contextInitializerClasses = '[]', activeProfiles = '{}', propertySourceLocations = '{}', propertySourceProperties = '{}', contextCustomizers = set[org.springframework.boot.test.autoconfigure.properties.PropertyMappingContextCustomizer@0, org.springframework.boot.test.autoconfigure.web.servlet.WebDriverContextCustomizerFactory$Customizer@32ec3188, org.springframework.boot.test.context.filter.ExcludeFilterContextCustomizer@45c1d83c, org.springframework.boot.test.json.DuplicateJsonObjectContextCustomizerFactory$DuplicateJsonObjectContextCustomizer@5140403b, org.springframework.boot.test.mock.mockito.MockitoContextCustomizer@0], contextLoader = 'org.springframework.test.context.support.DelegatingSmartContextLoader', parent = [null]], attributes = map[[empty]]], class annotated with @DirtiesContext [false] with mode [null].
]]></system-out>
  <system-err><![CDATA[May 01, 2021 8:09:54 PM okhttp3.internal.platform.Platform log
INFO: --> GET https://api.nasa.gov/mars-photos/api/v1/rovers?api_key=cLetoNqdRqUTnurOcI3aCTYvMpwp49AbYrzu2wnZ http/1.1
May 01, 2021 8:09:54 PM okhttp3.internal.platform.Platform log
INFO: --> END GET
May 01, 2021 8:09:55 PM okhttp3.internal.platform.Platform log
INFO: <-- 200 OK https://api.nasa.gov/mars-photos/api/v1/rovers?api_key=cLetoNqdRqUTnurOcI3aCTYvMpwp49AbYrzu2wnZ (1208ms)
May 01, 2021 8:09:55 PM okhttp3.internal.platform.Platform log
INFO: Date: Sun, 02 May 2021 01:09:55 GMT
May 01, 2021 8:09:55 PM okhttp3.internal.platform.Platform log
INFO: Content-Type: application/json; charset=utf-8
May 01, 2021 8:09:55 PM okhttp3.internal.platform.Platform log
INFO: Transfer-Encoding: chunked
May 01, 2021 8:09:55 PM okhttp3.internal.platform.Platform log
INFO: Connection: keep-alive
May 01, 2021 8:09:55 PM okhttp3.internal.platform.Platform log
INFO: Vary: Accept-Encoding
May 01, 2021 8:09:55 PM okhttp3.internal.platform.Platform log
INFO: X-RateLimit-Limit: 1000
May 01, 2021 8:09:55 PM okhttp3.internal.platform.Platform log
INFO: X-RateLimit-Remaining: 997
May 01, 2021 8:09:55 PM okhttp3.internal.platform.Platform log
INFO: X-Frame-Options: SAMEORIGIN
May 01, 2021 8:09:55 PM okhttp3.internal.platform.Platform log
INFO: X-Xss-Protection: 1; mode=block
May 01, 2021 8:09:55 PM okhttp3.internal.platform.Platform log
INFO: X-Content-Type-Options: nosniff
May 01, 2021 8:09:55 PM okhttp3.internal.platform.Platform log
INFO: X-Download-Options: noopen
May 01, 2021 8:09:55 PM okhttp3.internal.platform.Platform log
INFO: X-Permitted-Cross-Domain-Policies: none
May 01, 2021 8:09:55 PM okhttp3.internal.platform.Platform log
INFO: Referrer-Policy: strict-origin-when-cross-origin
May 01, 2021 8:09:55 PM okhttp3.internal.platform.Platform log
INFO: Vary: Origin
May 01, 2021 8:09:55 PM okhttp3.internal.platform.Platform log
INFO: Etag: W/"ed372453f840f15a2c36e6cbd250fc13"
May 01, 2021 8:09:55 PM okhttp3.internal.platform.Platform log
INFO: Cache-Control: max-age=0, private, must-revalidate
May 01, 2021 8:09:55 PM okhttp3.internal.platform.Platform log
INFO: X-Request-Id: c9929c08-54e3-493f-9804-6221cbc326a6
May 01, 2021 8:09:55 PM okhttp3.internal.platform.Platform log
INFO: X-Runtime: 0.384557
May 01, 2021 8:09:55 PM okhttp3.internal.platform.Platform log
INFO: Strict-Transport-Security: max-age=63072000; includeSubDomains
May 01, 2021 8:09:55 PM okhttp3.internal.platform.Platform log
INFO: Via: 1.1 vegur, https/1.1 api-umbrella (ApacheTrafficServer [cMsSf ])
May 01, 2021 8:09:55 PM okhttp3.internal.platform.Platform log
INFO: Age: 0
May 01, 2021 8:09:55 PM okhttp3.internal.platform.Platform log
INFO: X-Cache: MISS
May 01, 2021 8:09:55 PM okhttp3.internal.platform.Platform log
INFO: Access-Control-Allow-Origin: *
May 01, 2021 8:09:55 PM okhttp3.internal.platform.Platform log
INFO: Strict-Transport-Security: max-age=31536000; preload
May 01, 2021 8:09:55 PM okhttp3.internal.platform.Platform log
INFO: 
May 01, 2021 8:09:55 PM okhttp3.internal.platform.Platform log
INFO: {"rovers":[{"id":5,"name":"Curiosity","landing_date":"2012-08-06","launch_date":"2011-11-26","status":"active","max_sol":3105,"max_date":"2021-05-01","total_photos":490769,"cameras":[{"id":20,"name":"FHAZ","rover_id":5,"full_name":"Front Hazard Avoidance Camera"},{"id":26,"name":"NAVCAM","rover_id":5,"full_name":"Navigation Camera"},{"id":22,"name":"MAST","rover_id":5,"full_name":"Mast Camera"},{"id":23,"name":"CHEMCAM","rover_id":5,"full_name":"Chemistry and Camera Complex"},{"id":24,"name":"MAHLI","rover_id":5,"full_name":"Mars Hand Lens Imager"},{"id":25,"name":"MARDI","rover_id":5,"full_name":"Mars Descent Imager"},{"id":21,"name":"RHAZ","rover_id":5,"full_name":"Rear Hazard Avoidance Camera"}]},{"id":7,"name":"Spirit","landing_date":"2004-01-04","launch_date":"2003-06-10","status":"complete","max_sol":2208,"max_date":"2010-03-21","total_photos":124550,"cameras":[{"id":27,"name":"FHAZ","rover_id":7,"full_name":"Front Hazard Avoidance Camera"},{"id":29,"name":"NAVCAM","rover_id":7,"full_name":"Navigation Camera"},{"id":30,"name":"PANCAM","rover_id":7,"full_name":"Panoramic Camera"},{"id":31,"name":"MINITES","rover_id":7,"full_name":"Miniature Thermal Emission Spectrometer (Mini-TES)"},{"id":32,"name":"ENTRY","rover_id":7,"full_name":"Entry, Descent, and Landing Camera"},{"id":28,"name":"RHAZ","rover_id":7,"full_name":"Rear Hazard Avoidance Camera"}]},{"id":6,"name":"Opportunity","landing_date":"2004-01-25","launch_date":"2003-07-07","status":"complete","max_sol":5111,"max_date":"2018-06-11","total_photos":198439,"cameras":[{"id":14,"name":"FHAZ","rover_id":6,"full_name":"Front Hazard Avoidance Camera"},{"id":16,"name":"NAVCAM","rover_id":6,"full_name":"Navigation Camera"},{"id":17,"name":"PANCAM","rover_id":6,"full_name":"Panoramic Camera"},{"id":18,"name":"MINITES","rover_id":6,"full_name":"Miniature Thermal Emission Spectrometer (Mini-TES)"},{"id":19,"name":"ENTRY","rover_id":6,"full_name":"Entry, Descent, and Landing Camera"},{"id":15,"name":"RHAZ","rover_id":6,"full_name":"Rear Hazard Avoidance Camera"}]},{"id":8,"name":"Perseverance","landing_date":"2021-02-18","launch_date":"2020-07-30","status":"active","max_sol":70,"max_date":"2021-04-30","total_photos":9624,"cameras":[{"id":33,"name":"EDL_RUCAM","rover_id":8,"full_name":"Rover Up-Look Camera"},{"id":35,"name":"EDL_DDCAM","rover_id":8,"full_name":"Descent Stage Down-Look Camera"},{"id":36,"name":"EDL_PUCAM1","rover_id":8,"full_name":"Parachute Up-Look Camera A"},{"id":37,"name":"EDL_PUCAM2","rover_id":8,"full_name":"Parachute Up-Look Camera B"},{"id":38,"name":"NAVCAM_LEFT","rover_id":8,"full_name":"Navigation Camera - Left"},{"id":39,"name":"NAVCAM_RIGHT","rover_id":8,"full_name":"Navigation Camera - Right"},{"id":40,"name":"MCZ_RIGHT","rover_id":8,"full_name":"Mast Camera Zoom - Right"},{"id":41,"name":"MCZ_LEFT","rover_id":8,"full_name":"Mast Camera Zoom - Left"},{"id":42,"name":"FRONT_HAZCAM_LEFT_A","rover_id":8,"full_name":"Front Hazard Avoidance Camera - Left"},{"id":43,"name":"FRONT_HAZCAM_RIGHT_A","rover_id":8,"full_name":"Front Hazard Avoidance Camera - Right"},{"id":44,"name":"REAR_HAZCAM_LEFT","rover_id":8,"full_name":"Rear Hazard Avoidance Camera - Left"},{"id":45,"name":"REAR_HAZCAM_RIGHT","rover_id":8,"full_name":"Rear Hazard Avoidance Camera - Right"},{"id":34,"name":"EDL_RDCAM","rover_id":8,"full_name":"Rover Down-Look Camera"},{"id":46,"name":"SKYCAM","rover_id":8,"full_name":"MEDA Skycam"},{"id":47,"name":"SHERLOC_WATSON","rover_id":8,"full_name":"SHERLOC WATSON Camera"},{"id":48,"name":"SUPERCAM_RMI","rover_id":8,"full_name":"SuperCam Remote Micro Imager"},{"id":49,"name":"LCAM","rover_id":8,"full_name":"Lander Vision System Camera"}]}]}
May 01, 2021 8:09:55 PM okhttp3.internal.platform.Platform log
INFO: <-- END HTTP (3684-byte body)
]]></system-err>
</testsuite>
