<?xml version="1.0" encoding="UTF-8"?>
<testsuite name="com.leonardo.rocha.endpoint.DatesServiceTest" tests="1" skipped="0" failures="0" errors="0" timestamp="2021-05-02T01:10:00" hostname="leonardo-VirtualBox" time="0.33">
  <properties/>
  <testcase name="testGetDates" classname="com.leonardo.rocha.endpoint.DatesServiceTest" time="0.33"/>
  <system-out><![CDATA[20:09:55.808 [Test worker] DEBUG org.springframework.test.context.junit4.SpringJUnit4ClassRunner - SpringJUnit4ClassRunner constructor called with [class com.leonardo.rocha.endpoint.DatesServiceTest]
20:09:55.809 [Test worker] DEBUG org.springframework.test.context.BootstrapUtils - Instantiating CacheAwareContextLoaderDelegate from class [org.springframework.test.context.cache.DefaultCacheAwareContextLoaderDelegate]
20:09:55.809 [Test worker] DEBUG org.springframework.test.context.BootstrapUtils - Instantiating BootstrapContext using constructor [public org.springframework.test.context.support.DefaultBootstrapContext(java.lang.Class,org.springframework.test.context.CacheAwareContextLoaderDelegate)]
20:09:55.818 [Test worker] DEBUG org.springframework.test.context.BootstrapUtils - Instantiating TestContextBootstrapper for test class [com.leonardo.rocha.endpoint.DatesServiceTest] from class [org.springframework.boot.test.context.SpringBootTestContextBootstrapper]
20:09:55.829 [Test worker] INFO org.springframework.boot.test.context.SpringBootTestContextBootstrapper - Neither @ContextConfiguration nor @ContextHierarchy found for test class [com.leonardo.rocha.endpoint.DatesServiceTest], using SpringBootContextLoader
20:09:55.833 [Test worker] DEBUG org.springframework.test.context.support.AbstractContextLoader - Did not detect default resource location for test class [com.leonardo.rocha.endpoint.DatesServiceTest]: class path resource [com/leonardo/rocha/endpoint/DatesServiceTest-context.xml] does not exist
20:09:55.834 [Test worker] DEBUG org.springframework.test.context.support.AbstractContextLoader - Did not detect default resource location for test class [com.leonardo.rocha.endpoint.DatesServiceTest]: class path resource [com/leonardo/rocha/endpoint/DatesServiceTestContext.groovy] does not exist
20:09:55.834 [Test worker] INFO org.springframework.test.context.support.AbstractContextLoader - Could not detect default resource locations for test class [com.leonardo.rocha.endpoint.DatesServiceTest]: no resource found for suffixes {-context.xml, Context.groovy}.
20:09:55.835 [Test worker] INFO org.springframework.test.context.support.AnnotationConfigContextLoaderUtils - Could not detect default configuration classes for test class [com.leonardo.rocha.endpoint.DatesServiceTest]: DatesServiceTest does not declare any static, non-private, non-final, nested classes annotated with @Configuration.
20:09:55.836 [Test worker] DEBUG org.springframework.test.context.support.ActiveProfilesUtils - Could not find an 'annotation declaring class' for annotation type [org.springframework.test.context.ActiveProfiles] and class [com.leonardo.rocha.endpoint.DatesServiceTest]
20:09:55.926 [Test worker] DEBUG org.springframework.context.annotation.ClassPathScanningCandidateComponentProvider - Identified candidate component class: file [/mnt/Development/repos/mars-rover-photo-collector-multi-project/mars-rover-photo-collector-app/build/classes/java/main/com/leonardo/rocha/MarsImageApp.class]
20:09:55.928 [Test worker] INFO org.springframework.boot.test.context.SpringBootTestContextBootstrapper - Found @SpringBootConfiguration com.leonardo.rocha.MarsImageApp for test class com.leonardo.rocha.endpoint.DatesServiceTest
20:09:56.085 [Test worker] DEBUG org.springframework.boot.test.context.SpringBootTestContextBootstrapper - @TestExecutionListeners is not present for class [com.leonardo.rocha.endpoint.DatesServiceTest]: using defaults.
20:09:56.087 [Test worker] INFO org.springframework.boot.test.context.SpringBootTestContextBootstrapper - Loaded default TestExecutionListener class names from location [META-INF/spring.factories]: [org.springframework.boot.test.autoconfigure.restdocs.RestDocsTestExecutionListener, org.springframework.boot.test.autoconfigure.web.client.MockRestServiceServerResetTestExecutionListener, org.springframework.boot.test.autoconfigure.web.servlet.MockMvcPrintOnlyOnFailureTestExecutionListener, org.springframework.boot.test.autoconfigure.web.servlet.WebDriverTestExecutionListener, org.springframework.boot.test.mock.mockito.MockitoTestExecutionListener, org.springframework.boot.test.mock.mockito.ResetMocksTestExecutionListener, org.springframework.test.context.web.ServletTestExecutionListener, org.springframework.test.context.support.DirtiesContextBeforeModesTestExecutionListener, org.springframework.test.context.support.DependencyInjectionTestExecutionListener, org.springframework.test.context.support.DirtiesContextTestExecutionListener, org.springframework.test.context.transaction.TransactionalTestExecutionListener, org.springframework.test.context.jdbc.SqlScriptsTestExecutionListener, org.springframework.test.context.event.EventPublishingTestExecutionListener]
20:09:56.090 [Test worker] DEBUG org.springframework.boot.test.context.SpringBootTestContextBootstrapper - Skipping candidate TestExecutionListener [org.springframework.test.context.transaction.TransactionalTestExecutionListener] due to a missing dependency. Specify custom listener classes or make the default listener classes and their required dependencies available. Offending class: [org/springframework/transaction/TransactionDefinition]
20:09:56.090 [Test worker] DEBUG org.springframework.boot.test.context.SpringBootTestContextBootstrapper - Skipping candidate TestExecutionListener [org.springframework.test.context.jdbc.SqlScriptsTestExecutionListener] due to a missing dependency. Specify custom listener classes or make the default listener classes and their required dependencies available. Offending class: [org/springframework/transaction/interceptor/TransactionAttribute]
20:09:56.091 [Test worker] INFO org.springframework.boot.test.context.SpringBootTestContextBootstrapper - Using TestExecutionListeners: [org.springframework.test.context.web.ServletTestExecutionListener@66fc60f3, org.springframework.test.context.support.DirtiesContextBeforeModesTestExecutionListener@eaaec8b, org.springframework.boot.test.mock.mockito.MockitoTestExecutionListener@19cdb996, org.springframework.boot.test.autoconfigure.SpringBootDependencyInjectionTestExecutionListener@31b06702, org.springframework.test.context.support.DirtiesContextTestExecutionListener@34ce723f, org.springframework.test.context.event.EventPublishingTestExecutionListener@6d590e99, org.springframework.boot.test.autoconfigure.restdocs.RestDocsTestExecutionListener@19ac0bad, org.springframework.boot.test.autoconfigure.web.client.MockRestServiceServerResetTestExecutionListener@2b16e7ed, org.springframework.boot.test.autoconfigure.web.servlet.MockMvcPrintOnlyOnFailureTestExecutionListener@6c0e273a, org.springframework.boot.test.autoconfigure.web.servlet.WebDriverTestExecutionListener@4986d1e4, org.springframework.boot.test.mock.mockito.ResetMocksTestExecutionListener@308e4a1a]
20:09:56.093 [Test worker] DEBUG org.springframework.test.annotation.ProfileValueUtils - Retrieved @ProfileValueSourceConfiguration [null] for test class [com.leonardo.rocha.endpoint.DatesServiceTest]
20:09:56.093 [Test worker] DEBUG org.springframework.test.annotation.ProfileValueUtils - Retrieved ProfileValueSource type [class org.springframework.test.annotation.SystemProfileValueSource] for class [com.leonardo.rocha.endpoint.DatesServiceTest]
20:09:56.093 [Test worker] DEBUG org.springframework.test.annotation.ProfileValueUtils - Retrieved @ProfileValueSourceConfiguration [null] for test class [com.leonardo.rocha.endpoint.DatesServiceTest]
20:09:56.093 [Test worker] DEBUG org.springframework.test.annotation.ProfileValueUtils - Retrieved ProfileValueSource type [class org.springframework.test.annotation.SystemProfileValueSource] for class [com.leonardo.rocha.endpoint.DatesServiceTest]
20:09:56.094 [Test worker] DEBUG org.springframework.test.context.support.AbstractDirtiesContextTestExecutionListener - Before test class: context [DefaultTestContext@2cbbfa69 testClass = DatesServiceTest, testInstance = [null], testMethod = [null], testException = [null], mergedContextConfiguration = [WebMergedContextConfiguration@31112f33 testClass = DatesServiceTest, locations = '{}', classes = '{class com.leonardo.rocha.MarsImageApp}', contextInitializerClasses = '[]', activeProfiles = '{}', propertySourceLocations = '{}', propertySourceProperties = '{org.springframework.boot.test.context.SpringBootTestContextBootstrapper=true, server.port=0}', contextCustomizers = set[org.springframework.boot.test.autoconfigure.properties.PropertyMappingContextCustomizer@0, org.springframework.boot.test.autoconfigure.web.servlet.WebDriverContextCustomizerFactory$Customizer@32ec3188, org.springframework.boot.test.context.filter.ExcludeFilterContextCustomizer@45c1d83c, org.springframework.boot.test.json.DuplicateJsonObjectContextCustomizerFactory$DuplicateJsonObjectContextCustomizer@5140403b, org.springframework.boot.test.mock.mockito.MockitoContextCustomizer@0, org.springframework.boot.test.web.client.TestRestTemplateContextCustomizer@1a1680cd], resourceBasePath = 'src/main/webapp', contextLoader = 'org.springframework.boot.test.context.SpringBootContextLoader', parent = [null]], attributes = map['org.springframework.test.context.web.ServletTestExecutionListener.activateListener' -> false]], class annotated with @DirtiesContext [false] with mode [null].
20:09:56.095 [Test worker] DEBUG org.springframework.test.annotation.ProfileValueUtils - Retrieved @ProfileValueSourceConfiguration [null] for test class [com.leonardo.rocha.endpoint.DatesServiceTest]
20:09:56.095 [Test worker] DEBUG org.springframework.test.annotation.ProfileValueUtils - Retrieved ProfileValueSource type [class org.springframework.test.annotation.SystemProfileValueSource] for class [com.leonardo.rocha.endpoint.DatesServiceTest]
20:09:56.095 [Test worker] DEBUG org.springframework.test.context.support.DependencyInjectionTestExecutionListener - Performing dependency injection for test context [[DefaultTestContext@2cbbfa69 testClass = DatesServiceTest, testInstance = com.leonardo.rocha.endpoint.DatesServiceTest@c7b9c48, testMethod = [null], testException = [null], mergedContextConfiguration = [WebMergedContextConfiguration@31112f33 testClass = DatesServiceTest, locations = '{}', classes = '{class com.leonardo.rocha.MarsImageApp}', contextInitializerClasses = '[]', activeProfiles = '{}', propertySourceLocations = '{}', propertySourceProperties = '{org.springframework.boot.test.context.SpringBootTestContextBootstrapper=true, server.port=0}', contextCustomizers = set[org.springframework.boot.test.autoconfigure.properties.PropertyMappingContextCustomizer@0, org.springframework.boot.test.autoconfigure.web.servlet.WebDriverContextCustomizerFactory$Customizer@32ec3188, org.springframework.boot.test.context.filter.ExcludeFilterContextCustomizer@45c1d83c, org.springframework.boot.test.json.DuplicateJsonObjectContextCustomizerFactory$DuplicateJsonObjectContextCustomizer@5140403b, org.springframework.boot.test.mock.mockito.MockitoContextCustomizer@0, org.springframework.boot.test.web.client.TestRestTemplateContextCustomizer@1a1680cd], resourceBasePath = 'src/main/webapp', contextLoader = 'org.springframework.boot.test.context.SpringBootContextLoader', parent = [null]], attributes = map['org.springframework.test.context.web.ServletTestExecutionListener.activateListener' -> false]]].
20:09:56.145 [Test worker] DEBUG org.springframework.test.context.support.TestPropertySourceUtils - Adding inlined properties to environment: {spring.jmx.enabled=false, org.springframework.boot.test.context.SpringBootTestContextBootstrapper=true, server.port=0}

  .   ____          _            __ _ _
 /\\ / ___'_ __ _ _(_)_ __  __ _ \ \ \ \
( ( )\___ | '_ | '_| | '_ \/ _` | \ \ \ \
 \\/  ___)| |_)| | | | | || (_| |  ) ) ) )
  '  |____| .__|_| |_|_| |_\__, | / / / /
 =========|_|==============|___/=/_/_/_/
 :: Spring Boot ::        (v2.2.2.RELEASE)

2021-05-01 20:09:56.534  INFO 6657 --- [    Test worker] c.l.rocha.endpoint.DatesServiceTest      : Starting DatesServiceTest on leonardo-VirtualBox with PID 6657 (started by leonardo in /mnt/Development/repos/mars-rover-photo-collector-multi-project/mars-rover-photo-collector-app)
2021-05-01 20:09:56.538  INFO 6657 --- [    Test worker] c.l.rocha.endpoint.DatesServiceTest      : No active profile set, falling back to default profiles: default
2021-05-01 20:09:58.364  INFO 6657 --- [    Test worker] o.s.b.w.embedded.tomcat.TomcatWebServer  : Tomcat initialized with port(s): 0 (http)
2021-05-01 20:09:58.389  INFO 6657 --- [    Test worker] o.apache.catalina.core.StandardService   : Starting service [Tomcat]
2021-05-01 20:09:58.389  INFO 6657 --- [    Test worker] org.apache.catalina.core.StandardEngine  : Starting Servlet engine: [Apache Tomcat/9.0.29]
2021-05-01 20:09:58.549  INFO 6657 --- [    Test worker] o.a.c.c.C.[Tomcat].[localhost].[/]       : Initializing Spring embedded WebApplicationContext
2021-05-01 20:09:58.550  INFO 6657 --- [    Test worker] o.s.web.context.ContextLoader            : Root WebApplicationContext: initialization completed in 1979 ms
2021-05-01 20:09:58.853 ERROR 6657 --- [    Test worker] c.leonardo.rocha.endpoint.DatesService   : April 31, 2018 is an invalid date.
2021-05-01 20:09:59.805  INFO 6657 --- [    Test worker] o.s.s.concurrent.ThreadPoolTaskExecutor  : Initializing ExecutorService 'applicationTaskExecutor'
2021-05-01 20:10:00.295  INFO 6657 --- [    Test worker] o.s.b.w.embedded.tomcat.TomcatWebServer  : Tomcat started on port(s): 40231 (http) with context path ''
2021-05-01 20:10:00.298  INFO 6657 --- [    Test worker] c.l.rocha.endpoint.DatesServiceTest      : Started DatesServiceTest in 4.142 seconds (JVM running for 9.115)
2021-05-01 20:10:00.500  INFO 6657 --- [o-auto-1-exec-1] o.a.c.c.C.[Tomcat].[localhost].[/]       : Initializing Spring DispatcherServlet 'dispatcherServlet'
2021-05-01 20:10:00.503  INFO 6657 --- [o-auto-1-exec-1] o.s.web.servlet.DispatcherServlet        : Initializing Servlet 'dispatcherServlet'
2021-05-01 20:10:00.533  INFO 6657 --- [o-auto-1-exec-1] o.s.web.servlet.DispatcherServlet        : Completed initialization in 29 ms
]]></system-out>
  <system-err><![CDATA[May 01, 2021 8:09:56 PM okhttp3.internal.platform.Platform log
INFO: <-- 200 OK http://wwwns.akamai.com/media_resources/globe_emea.png (351ms)
May 01, 2021 8:09:56 PM okhttp3.internal.platform.Platform log
INFO: Accept-Ranges: bytes
May 01, 2021 8:09:56 PM okhttp3.internal.platform.Platform log
INFO: Content-Type: image/png
May 01, 2021 8:09:56 PM okhttp3.internal.platform.Platform log
INFO: ETag: "821f4a71e64b4bdda419a76db7f5f6df:1300959867"
May 01, 2021 8:09:56 PM okhttp3.internal.platform.Platform log
INFO: Last-Modified: Thu, 24 Feb 2011 10:54:54 GMT
May 01, 2021 8:09:56 PM okhttp3.internal.platform.Platform log
INFO: Server: AkamaiNetStorage
May 01, 2021 8:09:56 PM okhttp3.internal.platform.Platform log
INFO: Content-Length: 755864
May 01, 2021 8:09:56 PM okhttp3.internal.platform.Platform log
INFO: Date: Sun, 02 May 2021 01:09:56 GMT
May 01, 2021 8:09:56 PM okhttp3.internal.platform.Platform log
INFO: Connection: keep-alive
]]></system-err>
</testsuite>
