<?xml version="1.0" encoding="UTF-8"?>
<testsuite name="com.leonardo.rocha.autovalue.AutoValueYamlModuleTest" tests="6" skipped="0" failures="0" errors="0" timestamp="2021-05-03T04:19:13" hostname="leonardo-VirtualBox" time="7.412">
  <properties/>
  <testcase name="greetingTask_broken" classname="com.leonardo.rocha.autovalue.AutoValueYamlModuleTest" time="6.8"/>
  <testcase name="helloWorld_alternative" classname="com.leonardo.rocha.autovalue.AutoValueYamlModuleTest" time="0.223"/>
  <testcase name="greetingTask_standard" classname="com.leonardo.rocha.autovalue.AutoValueYamlModuleTest" time="0.119"/>
  <testcase name="helloTarget_standard" classname="com.leonardo.rocha.autovalue.AutoValueYamlModuleTest" time="0.084"/>
  <testcase name="helloTarget_option" classname="com.leonardo.rocha.autovalue.AutoValueYamlModuleTest" time="0.089"/>
  <testcase name="helloWorld_standard" classname="com.leonardo.rocha.autovalue.AutoValueYamlModuleTest" time="0.097"/>
  <system-out><![CDATA[]]></system-out>
  <system-err><![CDATA[]]></system-err>
</testsuite>
